
2024-02-11 05:30:35 [INFO]: [GLOBAL]: CFG loaded
2024-02-11 05:30:35 [INFO]: [GLOBAL]: Script started
2024-02-11 05:31:21 [INFO]: [Nubo]: Cookies loaded
2024-02-11 05:31:21 [INFO]: [GLOBAL]: Script started
2024-02-11 05:32:25 [INFO]: [GLOBAL]: CFG loaded
2024-02-11 05:32:25 [INFO]: [GLOBAL]: Script started
2024-02-11 05:32:58 [INFO]: [Nubo]: Cookies loaded
2024-02-11 05:32:58 [INFO]: [GLOBAL]: Script started
2024-02-11 05:33:27 [INFO]: [GLOBAL]: CFG loaded
2024-02-11 05:33:27 [INFO]: [GLOBAL]: Script started
2024-02-11 05:33:59 [INFO]: [Nubo]: Cookies loaded
2024-02-11 05:33:59 [INFO]: [GLOBAL]: Script started
2024-02-11 05:34:57 [INFO]: [GLOBAL]: CFG loaded
2024-02-11 05:34:57 [INFO]: [GLOBAL]: Script started
2024-02-11 05:35:31 [INFO]: [Nubo]: Cookies loaded
2024-02-11 05:35:31 [INFO]: [GLOBAL]: Script started
2024-02-11 05:59:27 [INFO]: [GLOBAL]: CFG loaded
2024-02-11 05:59:27 [INFO]: [GLOBAL]: Script started
2024-02-11 06:00:08 [INFO]: [Nubo]: Cookies loaded
2024-02-11 06:00:08 [INFO]: [GLOBAL]: Script started
2024-02-11 06:03:25 [INFO]: [GLOBAL]: CFG loaded
2024-02-11 06:03:25 [INFO]: [GLOBAL]: Script started
2024-02-11 06:03:52 [INFO]: [Nubo]: Cookies loaded
2024-02-11 06:03:52 [INFO]: [GLOBAL]: Script started
2024-02-11 06:04:43 [INFO]: [GLOBAL]: CFG loaded
2024-02-11 06:04:43 [INFO]: [GLOBAL]: Script started
2024-02-11 06:05:14 [INFO]: [Nubo]: Cookies loaded
2024-02-11 06:05:14 [INFO]: [GLOBAL]: Script started
2024-02-11 06:06:22 [INFO]: [GLOBAL]: First loop completed, Open for Alerting
2024-02-11 06:06:23 [VERBOSE]: [Nubo]: No new ticket
2024-02-11 06:06:36 [INFO]: [GLOBAL]: CFG loaded
2024-02-11 06:06:36 [INFO]: [GLOBAL]: Script started
2024-02-11 06:07:03 [INFO]: [Nubo]: Cookies loaded
2024-02-11 06:07:03 [INFO]: [GLOBAL]: Script started
2024-02-11 06:08:12 [INFO]: [GLOBAL]: First loop completed, Open for Alerting
2024-02-11 06:08:12 [VERBOSE]: [Nubo]: No new ticket
2024-02-11 06:08:37 [INFO]: [GLOBAL]: CFG loaded
2024-02-11 06:08:37 [INFO]: [GLOBAL]: Script started
2024-02-11 06:09:01 [INFO]: [Nubo]: Cookies loaded
2024-02-11 06:09:01 [INFO]: [GLOBAL]: Script started
2024-02-11 06:10:18 [INFO]: [GLOBAL]: CFG loaded
2024-02-11 06:10:18 [INFO]: [GLOBAL]: Script started
2024-02-11 06:10:56 [INFO]: [Nubo]: Cookies loaded
2024-02-11 06:10:56 [INFO]: [GLOBAL]: Script started
2024-02-11 06:11:31 [INFO]: [GLOBAL]: CFG loaded
2024-02-11 06:11:31 [INFO]: [GLOBAL]: Script started
2024-02-11 06:12:00 [INFO]: [Nubo]: Cookies loaded
2024-02-11 06:12:00 [INFO]: [GLOBAL]: Script started
2024-02-11 06:12:55 [INFO]: [GLOBAL]: CFG loaded
2024-02-11 06:12:55 [INFO]: [GLOBAL]: Script started
2024-02-11 06:13:24 [INFO]: [Nubo]: Cookies loaded
2024-02-11 06:13:24 [INFO]: [GLOBAL]: Script started
2024-02-11 06:15:08 [INFO]: [GLOBAL]: CFG loaded
2024-02-11 06:15:08 [INFO]: [GLOBAL]: Script started
2024-02-11 06:15:37 [INFO]: [Nubo]: Cookies loaded
2024-02-11 06:15:37 [INFO]: [GLOBAL]: Script started
2024-02-11 06:16:46 [INFO]: [GLOBAL]: First loop completed, Open for Alerting
2024-02-11 06:16:46 [VERBOSE]: [Nubo]: No new ticket
2024-02-11 06:17:05 [INFO]: [GLOBAL]: CFG loaded
2024-02-11 06:17:05 [INFO]: [GLOBAL]: Script started
2024-02-11 06:17:33 [INFO]: [Nubo]: Cookies loaded
2024-02-11 06:17:33 [INFO]: [GLOBAL]: Script started
2024-02-11 06:31:47 [INFO]: [GLOBAL]: CFG loaded
2024-02-11 06:31:47 [INFO]: [GLOBAL]: Script started
2024-02-11 06:33:02 [INFO]: [Nubo]: Cookies loaded
2024-02-11 06:33:02 [INFO]: [GLOBAL]: Script started
2024-02-11 06:33:39 [INFO]: [GLOBAL]: CFG loaded
2024-02-11 06:33:39 [INFO]: [GLOBAL]: Script started
2024-02-11 06:34:16 [INFO]: [Nubo]: Cookies loaded
2024-02-11 06:34:16 [INFO]: [GLOBAL]: Script started
